<?xml version="1.0" encoding="UTF-8"?>
<!-- Generated by org.testng.reporters.JUnitReportReporter -->
<testsuite skipped="0" hostname="Asanbais-Air" name="pomdesign.TestInsideOrderPage" tests="1" failures="0" timestamp="11 Jul 2018 04:17:09 GMT" time="2.385" errors="0">
  <testcase name="labelsVerifications" time="2.385" classname="pomdesign.TestInsideOrderPage"/>
</testsuite> <!-- pomdesign.TestInsideOrderPage -->
