<?xml version="1.0" encoding="UTF-8"?>
<!-- Generated by org.testng.reporters.JUnitReportReporter -->
<testsuite skipped="1" hostname="Asanbais-Air" name="pomdesign.WebOrderLoginTest" tests="4" failures="0" timestamp="09 Jul 2018 18:11:27 GMT" time="2.676" errors="0">
  <testcase name="positiveLoginTestUsingPOM" time="1.582" classname="pomdesign.WebOrderLoginTest"/>
  <testcase name="InvalidUserNameTest" time="0.551" classname="pomdesign.WebOrderLoginTest"/>
  <testcase name="InvalidPasswordTeste" time="0.543" classname="pomdesign.WebOrderLoginTest"/>
  <testcase name="positiveLoginTest" classname="pomdesign.WebOrderLoginTest">
    <skipped/>
  </testcase> <!-- positiveLoginTest -->
</testsuite> <!-- pomdesign.WebOrderLoginTest -->
