<?xml version="1.0" encoding="UTF-8"?>
<!-- Generated by org.testng.reporters.JUnitReportReporter -->
<testsuite skipped="0" hostname="Asanbais-Air" name="pomdesign.TestAllOrderPage" tests="1" failures="0" timestamp="11 Jul 2018 03:47:56 GMT" time="1.915" errors="0">
  <testcase name="labelsVerifications" time="1.915" classname="pomdesign.TestAllOrderPage"/>
</testsuite> <!-- pomdesign.TestAllOrderPage -->
